android/app/build/outputs/logs/manifest-merger-release-report.txt
-- Merging decision tree log ---
manifest
ADDED from src/main/AndroidManifest.xml:1:1-74:12
	package
		ADDED from src/main/AndroidManifest.xml:3:5-30
		INJECTED from src/main/AndroidManifest.xml
		INJECTED from src/main/AndroidManifest.xml
	android:versionName
		ADDED from src/main/AndroidManifest.xml:5:5-30
		INJECTED from src/main/AndroidManifest.xml
		INJECTED from src/main/AndroidManifest.xml
	xmlns:tools
		ADDED from src/main/AndroidManifest.xml:2:5-51
	android:versionCode
		ADDED from src/main/AndroidManifest.xml:4:5-28
		INJECTED from src/main/AndroidManifest.xml
		INJECTED from src/main/AndroidManifest.xml
	xmlns:android
		ADDED from src/main/AndroidManifest.xml:1:11-69
uses-permission#android.permission.INTERNET
ADDED from src/main/AndroidManifest.xml:7:5-67
MERGED from [com.google.android.gms:play-services-gcm:11.0.4] AndroidManifest.xml:21:5-66
MERGED from [com.google.android.gms:play-services-iid:11.0.4] AndroidManifest.xml:21:5-66
	android:name
		ADDED from src/main/AndroidManifest.xml:7:22-64
uses-permission#android.permission.SYSTEM_ALERT_WINDOW
ADDED from src/main/AndroidManifest.xml:8:5-77
MERGED from [com.facebook.react:react-native:0.42.3] AndroidManifest.xml:11:5-78
	android:name
		ADDED from src/main/AndroidManifest.xml:8:22-75
uses-permission#android.permission.WAKE_LOCK
ADDED from src/main/AndroidManifest.xml:9:5-68
	android:name
		ADDED from src/main/AndroidManifest.xml:9:22-65
permission#${applicationId}.permission.C2D_MESSAGE
ADDED from src/main/AndroidManifest.xml:10:5-12:47
	android:protectionLevel
		ADDED from src/main/AndroidManifest.xml:12:9-44
	android:name
		ADDED from src/main/AndroidManifest.xml:11:9-63
		INJECTED from src/main/AndroidManifest.xml
uses-permission#${applicationId}.permission.C2D_MESSAGE
ADDED from src/main/AndroidManifest.xml:13:5-79
	android:name
		ADDED from src/main/AndroidManifest.xml:13:22-76
		INJECTED from src/main/AndroidManifest.xml
uses-permission#android.permission.VIBRATE
ADDED from src/main/AndroidManifest.xml:14:5-66
	android:name
		ADDED from src/main/AndroidManifest.xml:14:22-63
uses-permission#android.permission.RECEIVE_BOOT_COMPLETED
ADDED from src/main/AndroidManifest.xml:15:5-80
	android:name
		ADDED from src/main/AndroidManifest.xml:15:22-78
uses-sdk
ADDED from src/main/AndroidManifest.xml:17:5-19:41
MERGED from [F82017:react-native-linear-gradient:unspecified] AndroidManifest.xml:7:5-9:41
MERGED from [F82017:react-native-native-video-player:unspecified] AndroidManifest.xml:7:5-9:41
MERGED from [F82017:react-native-push-notification:unspecified] AndroidManifest.xml:7:5-9:41
MERGED from [me.leolin:ShortcutBadger:1.1.8] AndroidManifest.xml:7:5-9:41
MERGED from [F82017:react-native-photo-view:unspecified] AndroidManifest.xml:6:5-8:41
MERGED from [me.relex:photodraweeview:1.0.0] AndroidManifest.xml:7:5-44
MERGED from [com.google.android.gms:play-services-gcm:11.0.4] AndroidManifest.xml:17:5-43
MERGED from [com.google.android.gms:play-services-iid:11.0.4] AndroidManifest.xml:17:5-43
MERGED from [com.google.android.gms:play-services-base:11.0.4] AndroidManifest.xml:17:5-43
MERGED from [com.google.android.gms:play-services-tasks:11.0.4] AndroidManifest.xml:3:5-43
MERGED from [com.google.android.gms:play-services-basement:11.0.4] AndroidManifest.xml:17:5-43
MERGED from [F82017:react-native-fbsdk:unspecified] AndroidManifest.xml:24:5-26:41
MERGED from [com.facebook.android:facebook-android-sdk:4.27.0] AndroidManifest.xml:24:5-26:41
MERGED from [com.facebook.android:facebook-login:4.27.0] AndroidManifest.xml:24:5-26:41
MERGED from [com.facebook.android:facebook-share:4.27.0] AndroidManifest.xml:24:5-26:41
MERGED from [com.facebook.android:facebook-common:4.27.0] AndroidManifest.xml:24:5-26:41
MERGED from [com.android.support:cardview-v7:25.3.1] AndroidManifest.xml:20:5-43
MERGED from [com.android.support:customtabs:25.3.1] AndroidManifest.xml:20:5-44
MERGED from [com.facebook.android:facebook-places:4.27.0] AndroidManifest.xml:24:5-26:41
MERGED from [com.facebook.android:facebook-applinks:4.27.0] AndroidManifest.xml:24:5-26:41
MERGED from [com.facebook.android:facebook-messenger:4.27.0] AndroidManifest.xml:24:5-26:41
MERGED from [com.facebook.android:facebook-core:4.27.0] AndroidManifest.xml:24:5-26:41
MERGED from [com.facebook.react:react-native:0.42.3] AndroidManifest.xml:7:5-9:41
MERGED from [com.android.support:appcompat-v7:25.3.1] AndroidManifest.xml:21:5-23:78
MERGED from [com.android.support:animated-vector-drawable:25.3.1] AndroidManifest.xml:20:5-44
MERGED from [com.android.support:support-vector-drawable:25.3.1] AndroidManifest.xml:20:5-43
MERGED from [com.android.support:recyclerview-v7:23.4.0] AndroidManifest.xml:20:5-43
MERGED from [com.facebook.fbui.textlayoutbuilder:textlayoutbuilder:1.0.0] AndroidManifest.xml:14:5-16:41
MERGED from [com.facebook.fresco:fresco:0.11.0] AndroidManifest.xml:5:5-7:41
MERGED from [com.facebook.fresco:drawee:0.11.0] AndroidManifest.xml:5:5-7:41
MERGED from [com.facebook.fresco:imagepipeline-okhttp3:0.11.0] AndroidManifest.xml:5:5-7:41
MERGED from [com.facebook.fresco:imagepipeline:0.11.0] AndroidManifest.xml:5:5-7:41
MERGED from [com.facebook.fresco:imagepipeline-base:0.11.0] AndroidManifest.xml:5:5-7:41
MERGED from [com.android.support:support-v4:25.3.1] AndroidManifest.xml:21:5-23:54
MERGED from [com.android.support:support-fragment:25.3.1] AndroidManifest.xml:21:5-23:60
MERGED from [com.android.support:support-media-compat:25.3.1] AndroidManifest.xml:21:5-23:63
MERGED from [com.android.support:support-core-ui:25.3.1] AndroidManifest.xml:21:5-23:58
MERGED from [com.android.support:support-core-utils:25.3.1] AndroidManifest.xml:21:5-23:61
MERGED from [com.android.support:support-compat:25.3.1] AndroidManifest.xml:21:5-23:58
MERGED from [com.facebook.fresco:fbcore:0.11.0] AndroidManifest.xml:5:5-7:41
MERGED from [com.facebook.soloader:soloader:0.1.0] AndroidManifest.xml:2:3-70
	tools:overrideLibrary
		ADDED from [com.android.support:appcompat-v7:25.3.1] AndroidManifest.xml:23:9-75
	android:targetSdkVersion
		ADDED from src/main/AndroidManifest.xml:19:9-38
		INJECTED from src/main/AndroidManifest.xml
		INJECTED from src/main/AndroidManifest.xml
	android:minSdkVersion
		ADDED from src/main/AndroidManifest.xml:18:9-35
		INJECTED from src/main/AndroidManifest.xml
		INJECTED from src/main/AndroidManifest.xml
application
ADDED from src/main/AndroidManifest.xml:21:5-72:19
MERGED from [F82017:react-native-photo-view:unspecified] AndroidManifest.xml:10:5-11:19
MERGED from [me.relex:photodraweeview:1.0.0] AndroidManifest.xml:9:5-12:19
MERGED from [com.google.android.gms:play-services-gcm:11.0.4] AndroidManifest.xml:23:5-19
MERGED from [com.google.android.gms:play-services-iid:11.0.4] AndroidManifest.xml:23:5-19
MERGED from [com.google.android.gms:play-services-base:11.0.4] AndroidManifest.xml:18:5-20:19
MERGED from [com.google.android.gms:play-services-tasks:11.0.4] AndroidManifest.xml:4:5-19
MERGED from [com.google.android.gms:play-services-basement:11.0.4] AndroidManifest.xml:19:5-21:19
MERGED from [F82017:react-native-fbsdk:unspecified] AndroidManifest.xml:28:5-20
MERGED from [com.facebook.android:facebook-android-sdk:4.27.0] AndroidManifest.xml:28:5-29:19
MERGED from [com.facebook.android:facebook-login:4.27.0] AndroidManifest.xml:28:5-29:19
MERGED from [com.facebook.android:facebook-share:4.27.0] AndroidManifest.xml:28:5-29:19
MERGED from [com.facebook.android:facebook-common:4.27.0] AndroidManifest.xml:28:5-34:19
MERGED from [com.android.support:cardview-v7:25.3.1] AndroidManifest.xml:26:5-20
MERGED from [com.android.support:customtabs:25.3.1] AndroidManifest.xml:26:5-20
MERGED from [com.facebook.android:facebook-places:4.27.0] AndroidManifest.xml:28:5-29:19
MERGED from [com.facebook.android:facebook-applinks:4.27.0] AndroidManifest.xml:28:5-29:19
MERGED from [com.facebook.android:facebook-messenger:4.27.0] AndroidManifest.xml:28:5-29:19
MERGED from [com.facebook.android:facebook-core:4.27.0] AndroidManifest.xml:28:5-43:19
MERGED from [com.facebook.react:react-native:0.42.3] AndroidManifest.xml:13:5-20
MERGED from [com.android.support:appcompat-v7:25.3.1] AndroidManifest.xml:29:5-20
MERGED from [com.android.support:animated-vector-drawable:25.3.1] AndroidManifest.xml:26:5-20
MERGED from [com.android.support:support-vector-drawable:25.3.1] AndroidManifest.xml:26:5-20
MERGED from [com.android.support:support-v4:25.3.1] AndroidManifest.xml:29:5-20
MERGED from [com.android.support:support-fragment:25.3.1] AndroidManifest.xml:29:5-20
MERGED from [com.android.support:support-media-compat:25.3.1] AndroidManifest.xml:29:5-20
MERGED from [com.android.support:support-core-ui:25.3.1] AndroidManifest.xml:29:5-20
MERGED from [com.android.support:support-core-utils:25.3.1] AndroidManifest.xml:29:5-20
MERGED from [com.android.support:support-compat:25.3.1] AndroidManifest.xml:29:5-20
MERGED from [com.facebook.soloader:soloader:0.1.0] AndroidManifest.xml:3:3-17
MERGED from [org.webkit:android-jsc:r174650] AndroidManifest.xml:2:3-17
	android:label
		ADDED from src/main/AndroidManifest.xml:25:7-39
	android:supportsRtl
		ADDED from [com.facebook.android:facebook-android-sdk:4.27.0] AndroidManifest.xml:28:18-44
	android:allowBackup
		ADDED from src/main/AndroidManifest.xml:23:7-34
		REJECTED from [me.relex:photodraweeview:1.0.0] AndroidManifest.xml:10:9-35
	android:icon
		ADDED from src/main/AndroidManifest.xml:26:7-41
	android:theme
		ADDED from src/main/AndroidManifest.xml:27:7-38
	tools:replace
		ADDED from src/main/AndroidManifest.xml:24:9-44
	android:name
		ADDED from src/main/AndroidManifest.xml:22:7-38
activity#com.facebook.f8.MainActivity
ADDED from src/main/AndroidManifest.xml:28:7-39:18
	android:screenOrientation
		ADDED from src/main/AndroidManifest.xml:31:9-45
	android:label
		ADDED from src/main/AndroidManifest.xml:30:9-41
	android:exported
		ADDED from src/main/AndroidManifest.xml:32:11-34
	android:windowSoftInputMode
		ADDED from src/main/AndroidManifest.xml:34:9-51
	android:configChanges
		ADDED from src/main/AndroidManifest.xml:33:9-79
	android:name
		ADDED from src/main/AndroidManifest.xml:29:9-37
intent-filter#android.intent.action.MAIN+android.intent.category.LAUNCHER
ADDED from src/main/AndroidManifest.xml:35:9-38:25
action#android.intent.action.MAIN
ADDED from src/main/AndroidManifest.xml:36:13-65
	android:name
		ADDED from src/main/AndroidManifest.xml:36:21-62
category#android.intent.category.LAUNCHER
ADDED from src/main/AndroidManifest.xml:37:13-73
	android:name
		ADDED from src/main/AndroidManifest.xml:37:23-70
meta-data#com.facebook.sdk.ApplicationId
ADDED from src/main/AndroidManifest.xml:40:9-107
	android:value
		ADDED from src/main/AndroidManifest.xml:40:66-105
	android:name
		ADDED from src/main/AndroidManifest.xml:40:20-65
activity#com.facebook.FacebookActivity
ADDED from src/main/AndroidManifest.xml:41:9-47:74
MERGED from [com.facebook.android:facebook-common:4.27.0] AndroidManifest.xml:29:9-32:66
	android:label
		ADDED from src/main/AndroidManifest.xml:46:13-45
	android:exported
		ADDED from src/main/AndroidManifest.xml:44:13-37
	android:configChanges
		ADDED from src/main/AndroidManifest.xml:45:13-96
	android:theme
		ADDED from src/main/AndroidManifest.xml:47:13-72
		REJECTED from [com.facebook.android:facebook-common:4.27.0] AndroidManifest.xml:32:13-63
	tools:replace
		ADDED from src/main/AndroidManifest.xml:42:13-42
	android:name
		ADDED from src/main/AndroidManifest.xml:43:13-57
receiver#com.google.android.gms.gcm.GcmReceiver
ADDED from src/main/AndroidManifest.xml:48:9-56:20
	android:exported
		ADDED from src/main/AndroidManifest.xml:50:13-36
	android:permission
		ADDED from src/main/AndroidManifest.xml:51:13-73
	android:name
		ADDED from src/main/AndroidManifest.xml:49:13-66
intent-filter#${applicationId}+com.google.android.c2dm.intent.RECEIVE
ADDED from src/main/AndroidManifest.xml:52:13-55:29
action#com.google.android.c2dm.intent.RECEIVE
ADDED from src/main/AndroidManifest.xml:53:17-81
	android:name
		ADDED from src/main/AndroidManifest.xml:53:25-78
category#${applicationId}
ADDED from src/main/AndroidManifest.xml:54:17-61
	android:name
		ADDED from src/main/AndroidManifest.xml:54:27-58
		INJECTED from src/main/AndroidManifest.xml
receiver#com.dieam.reactnativepushnotification.modules.RNPushNotificationPublisher
ADDED from src/main/AndroidManifest.xml:58:9-135
	android:exported
		ADDED from src/main/AndroidManifest.xml:58:19-43
	android:name
		ADDED from src/main/AndroidManifest.xml:58:44-132
receiver#com.dieam.reactnativepushnotification.modules.RNPushNotificationBootEventReceiver
ADDED from src/main/AndroidManifest.xml:59:9-63:20
	android:exported
		ADDED from src/main/AndroidManifest.xml:59:19-42
	android:name
		ADDED from src/main/AndroidManifest.xml:59:43-139
intent-filter#android.intent.action.BOOT_COMPLETED
ADDED from src/main/AndroidManifest.xml:60:13-62:29
action#android.intent.action.BOOT_COMPLETED
ADDED from src/main/AndroidManifest.xml:61:17-79
	android:name
		ADDED from src/main/AndroidManifest.xml:61:25-76
service#com.dieam.reactnativepushnotification.modules.RNPushNotificationRegistrationService
ADDED from src/main/AndroidManifest.xml:64:9-143
	android:exported
		ADDED from src/main/AndroidManifest.xml:64:18-42
	android:name
		ADDED from src/main/AndroidManifest.xml:64:43-141
service#com.dieam.reactnativepushnotification.modules.RNPushNotificationListenerService
ADDED from src/main/AndroidManifest.xml:65:9-71:19
	android:exported
		ADDED from src/main/AndroidManifest.xml:67:13-37
	android:name
		ADDED from src/main/AndroidManifest.xml:66:13-107
intent-filter#com.google.android.c2dm.intent.RECEIVE
ADDED from src/main/AndroidManifest.xml:68:13-70:29
uses-permission#com.sec.android.provider.badge.permission.READ
ADDED from [me.leolin:ShortcutBadger:1.1.8] AndroidManifest.xml:19:5-86
	android:name
		ADDED from [me.leolin:ShortcutBadger:1.1.8] AndroidManifest.xml:19:22-83
uses-permission#com.sec.android.provider.badge.permission.WRITE
ADDED from [me.leolin:ShortcutBadger:1.1.8] AndroidManifest.xml:20:5-87
	android:name
		ADDED from [me.leolin:ShortcutBadger:1.1.8] AndroidManifest.xml:20:22-84
uses-permission#com.htc.launcher.permission.READ_SETTINGS
ADDED from [me.leolin:ShortcutBadger:1.1.8] AndroidManifest.xml:23:5-81
	android:name
		ADDED from [me.leolin:ShortcutBadger:1.1.8] AndroidManifest.xml:23:22-78
uses-permission#com.htc.launcher.permission.UPDATE_SHORTCUT
ADDED from [me.leolin:ShortcutBadger:1.1.8] AndroidManifest.xml:24:5-83
	android:name
		ADDED from [me.leolin:ShortcutBadger:1.1.8] AndroidManifest.xml:24:22-80
uses-permission#com.sonyericsson.home.permission.BROADCAST_BADGE
ADDED from [me.leolin:ShortcutBadger:1.1.8] AndroidManifest.xml:27:5-88
	android:name
		ADDED from [me.leolin:ShortcutBadger:1.1.8] AndroidManifest.xml:27:22-85
uses-permission#com.sonymobile.home.permission.PROVIDER_INSERT_BADGE
ADDED from [me.leolin:ShortcutBadger:1.1.8] AndroidManifest.xml:28:5-92
	android:name
		ADDED from [me.leolin:ShortcutBadger:1.1.8] AndroidManifest.xml:28:22-89
uses-permission#com.anddoes.launcher.permission.UPDATE_COUNT
ADDED from [me.leolin:ShortcutBadger:1.1.8] AndroidManifest.xml:31:5-84
	android:name
		ADDED from [me.leolin:ShortcutBadger:1.1.8] AndroidManifest.xml:31:22-81
uses-permission#com.majeur.launcher.permission.UPDATE_BADGE
ADDED from [me.leolin:ShortcutBadger:1.1.8] AndroidManifest.xml:34:5-83
	android:name
		ADDED from [me.leolin:ShortcutBadger:1.1.8] AndroidManifest.xml:34:22-80
uses-permission#com.huawei.android.launcher.permission.CHANGE_BADGE
ADDED from [me.leolin:ShortcutBadger:1.1.8] AndroidManifest.xml:37:5-91
	android:name
		ADDED from [me.leolin:ShortcutBadger:1.1.8] AndroidManifest.xml:37:22-88
uses-permission#com.huawei.android.launcher.permission.READ_SETTINGS
ADDED from [me.leolin:ShortcutBadger:1.1.8] AndroidManifest.xml:38:5-92
	android:name
		ADDED from [me.leolin:ShortcutBadger:1.1.8] AndroidManifest.xml:38:22-89
uses-permission#com.huawei.android.launcher.permission.WRITE_SETTINGS
ADDED from [me.leolin:ShortcutBadger:1.1.8] AndroidManifest.xml:39:5-93
	android:name
		ADDED from [me.leolin:ShortcutBadger:1.1.8] AndroidManifest.xml:39:22-90
uses-permission#com.google.android.c2dm.permission.RECEIVE
ADDED from [com.google.android.gms:play-services-gcm:11.0.4] AndroidManifest.xml:20:5-81
MERGED from [com.google.android.gms:play-services-iid:11.0.4] AndroidManifest.xml:20:5-81
	android:name
		ADDED from [com.google.android.gms:play-services-gcm:11.0.4] AndroidManifest.xml:20:22-79
activity#com.google.android.gms.common.api.GoogleApiActivity
ADDED from [com.google.android.gms:play-services-base:11.0.4] AndroidManifest.xml:19:9-172
	android:exported
		ADDED from [com.google.android.gms:play-services-base:11.0.4] AndroidManifest.xml:19:146-170
	android:theme
		ADDED from [com.google.android.gms:play-services-base:11.0.4] AndroidManifest.xml:19:86-145
	android:name
		ADDED from [com.google.android.gms:play-services-base:11.0.4] AndroidManifest.xml:19:19-85
meta-data#com.google.android.gms.version
ADDED from [com.google.android.gms:play-services-basement:11.0.4] AndroidManifest.xml:20:9-121
	android:value
		ADDED from [com.google.android.gms:play-services-basement:11.0.4] AndroidManifest.xml:20:66-119
	android:name
		ADDED from [com.google.android.gms:play-services-basement:11.0.4] AndroidManifest.xml:20:20-65
activity#com.facebook.CustomTabMainActivity
ADDED from [com.facebook.android:facebook-common:4.27.0] AndroidManifest.xml:33:9-71
	android:name
		ADDED from [com.facebook.android:facebook-common:4.27.0] AndroidManifest.xml:33:19-68
meta-data#android.support.VERSION
ADDED from [com.android.support:cardview-v7:25.3.1] AndroidManifest.xml:22:5-24:34
MERGED from [com.android.support:customtabs:25.3.1] AndroidManifest.xml:22:5-24:34
MERGED from [com.android.support:appcompat-v7:25.3.1] AndroidManifest.xml:25:5-27:34
MERGED from [com.android.support:animated-vector-drawable:25.3.1] AndroidManifest.xml:22:5-24:34
MERGED from [com.android.support:support-vector-drawable:25.3.1] AndroidManifest.xml:22:5-24:34
MERGED from [com.android.support:support-v4:25.3.1] AndroidManifest.xml:25:5-27:34
MERGED from [com.android.support:support-fragment:25.3.1] AndroidManifest.xml:25:5-27:34
MERGED from [com.android.support:support-media-compat:25.3.1] AndroidManifest.xml:25:5-27:34
MERGED from [com.android.support:support-core-ui:25.3.1] AndroidManifest.xml:25:5-27:34
MERGED from [com.android.support:support-core-utils:25.3.1] AndroidManifest.xml:25:5-27:34
MERGED from [com.android.support:support-compat:25.3.1] AndroidManifest.xml:25:5-27:34
	android:value
		ADDED from [com.android.support:cardview-v7:25.3.1] AndroidManifest.xml:24:9-31
	android:name
		ADDED from [com.android.support:cardview-v7:25.3.1] AndroidManifest.xml:23:9-47
provider#com.facebook.internal.FacebookInitProvider
ADDED from [com.facebook.android:facebook-core:4.27.0] AndroidManifest.xml:39:9-42:40
	android:authorities
		ADDED from [com.facebook.android:facebook-core:4.27.0] AndroidManifest.xml:41:13-72
	android:exported
		ADDED from [com.facebook.android:facebook-core:4.27.0] AndroidManifest.xml:42:13-37
	android:name
		ADDED from [com.facebook.android:facebook-core:4.27.0] AndroidManifest.xml:40:13-70
android:uses-permission#android.permission.WRITE_EXTERNAL_STORAGE
IMPLIED from src/main/AndroidManifest.xml:1:1-74:12 reason: org.webkit.android_jsc has a targetSdkVersion < 4
android:uses-permission#android.permission.READ_PHONE_STATE
IMPLIED from src/main/AndroidManifest.xml:1:1-74:12 reason: org.webkit.android_jsc has a targetSdkVersion < 4
android:uses-permission#android.permission.READ_EXTERNAL_STORAGE
IMPLIED from src/main/AndroidManifest.xml:1:1-74:12 reason: org.webkit.android_jsc requested WRITE_EXTERNAL_STORAGE